Warning(2015-12-02 09:46:08:497)
[Message]:'D:\Program Files (x86)\Sunny\Tools\MyTools\Robot\RobotAnswerInfos\' not exist

Warning(2015-12-02 09:46:21:373)
[Message]:'D:\Program Files (x86)\Sunny\Tools\MyTools\Robot\RobotAnswerInfos\' not exist

Warning(2015-12-02 09:49:06:636)
[Message]:'D:\Program Files (x86)\Sunny\Tools\MyTools\Robot\RobotAnswerInfos\' not exist

Error(2015-12-02 10:33:08:758)
[Message]:D:\Program Files (x86)\Notepad++\notepad++.exe not exist.
[StackTrace]:

Error(2015-12-02 10:33:10:968)
[Message]:D:\Program Files (x86)\Notepad++\notepad++.exe not exist.
[StackTrace]:

Error(2015-12-02 10:34:13:483)
[Message]:D:\Program Files (x86)\Notepad++\notepad++.exe not exist.
[StackTrace]:

Error(2015-12-02 10:34:14:714)
[Message]:D:\Program Files (x86)\Notepad++\notepad++.exe not exist.
[StackTrace]:

Error(2015-12-02 10:34:15:650)
[Message]:D:\Program Files (x86)\Notepad++\notepad++.exe not exist.
[StackTrace]:

Error(2015-12-02 10:34:32:774)
[Message]:D:\Program Files (x86)\Sunny\Tools\GreenTools\Notepad++ not exist.
[StackTrace]:

Error(2015-12-02 10:34:33:755)
[Message]:D:\Program Files (x86)\Sunny\Tools\GreenTools\Notepad++ not exist.
[StackTrace]:

Error(2015-12-02 10:34:34:308)
[Message]:D:\Program Files (x86)\Sunny\Tools\GreenTools\Notepad++ not exist.
[StackTrace]:

Error(2015-12-02 10:34:35:019)
[Message]:D:\Program Files (x86)\Sunny\Tools\GreenTools\Notepad++ not exist.
[StackTrace]:

